{
  "numTotalTestSuites": 2,
  "numPassedTestSuites": 0,
  "numFailedTestSuites": 2,
  "numPendingTestSuites": 0,
  "numTotalTests": 1,
  "numPassedTests": 0,
  "numFailedTests": 1,
  "numPendingTests": 0,
  "numTodoTests": 0,
  "snapshot": {
    "added": 0,
    "failure": false,
    "filesAdded": 0,
    "filesRemoved": 0,
    "filesRemovedList": [],
    "filesUnmatched": 0,
    "filesUpdated": 0,
    "matched": 0,
    "total": 0,
    "unchecked": 0,
    "uncheckedKeysByFile": [],
    "unmatched": 0,
    "updated": 0,
    "didUpdate": false
  },
  "startTime": 1763863928821,
  "success": false,
  "testResults": [
    {
      "assertionResults": [
        {
          "ancestorTitles": ["App"],
          "fullName": "App renders without crashing",
          "status": "failed",
          "title": "renders without crashing",
          "duration": 138.94080000000008,
          "failureMessages": [
            "AggregateError: \n    at aggregateErrors (C:\\Users\\adolf\\OneDrive\\Área de Trabalho\\projects\\harpia\\harpianew\\node_modules\\react\\cjs\\react.development.js:551:11)\n    at process.env.NODE_ENV.exports.act (C:\\Users\\adolf\\OneDrive\\Área de Trabalho\\projects\\harpia\\harpianew\\node_modules\\react\\cjs\\react.development.js:897:24)\n    at C:\\Users\\adolf\\OneDrive\\Área de Trabalho\\projects\\harpia\\harpianew\\node_modules\\@testing-library\\react\\dist\\act-compat.js:47:25\n    at renderRoot (C:\\Users\\adolf\\OneDrive\\Área de Trabalho\\projects\\harpia\\harpianew\\node_modules\\@testing-library\\react\\dist\\pure.js:190:26)\n    at Proxy.render (C:\\Users\\adolf\\OneDrive\\Área de Trabalho\\projects\\harpia\\harpianew\\node_modules\\@testing-library\\react\\dist\\pure.js:292:10)\n    at C:/Users/adolf/OneDrive/Área de Trabalho/projects/harpia/harpianew/src/App.test.tsx:20:9\n    at file:///C:/Users/adolf/OneDrive/%C3%81rea%20de%20Trabalho/projects/harpia/harpianew/node_modules/@vitest/runner/dist/index.js:145:11\n    at file:///C:/Users/adolf/OneDrive/%C3%81rea%20de%20Trabalho/projects/harpia/harpianew/node_modules/@vitest/runner/dist/index.js:912:26\n    at file:///C:/Users/adolf/OneDrive/%C3%81rea%20de%20Trabalho/projects/harpia/harpianew/node_modules/@vitest/runner/dist/index.js:1237:20\n    at new Promise (<anonymous>)"
          ],
          "meta": {}
        }
      ],
      "startTime": 1763863930461,
      "endTime": 1763863930599.941,
      "status": "failed",
      "message": "",
      "name": "C:/Users/adolf/OneDrive/Área de Trabalho/projects/harpia/harpianew/src/App.test.tsx"
    }
  ]
}
